This file contains any messages produced by compilers while
running configure, to aid debugging if configure makes a mistake.

It was created by libuv configure 1.9.1, which was
generated by GNU Autoconf 2.69.  Invocation command line was

  $ ./configure 

## --------- ##
## Platform. ##
## --------- ##

hostname = sunwangqiangdeMacBook-Pro.local
uname -m = x86_64
uname -r = 14.5.0
uname -s = Darwin
uname -v = Darwin Kernel Version 14.5.0: Mon Aug 29 21:14:16 PDT 2016; root:xnu-2782.50.6~1/RELEASE_X86_64

/usr/bin/uname -p = i386
/bin/uname -X     = unknown

/bin/arch              = unknown
/usr/bin/arch -k       = unknown
/usr/convex/getsysinfo = unknown
/usr/bin/hostinfo      = Mach kernel version:
	 Darwin Kernel Version 14.5.0: Mon Aug 29 21:14:16 PDT 2016; root:xnu-2782.50.6~1/RELEASE_X86_64
Kernel configured for up to 4 processors.
2 processors are physically available.
4 processors are logically available.
Processor type: x86_64h (Intel x86-64h Haswell)
Processors active: 0 1 2 3
Primary memory available: 8.00 gigabytes
Default processor set: 245 tasks, 1143 threads, 4 processors
Load average: 1.36, Mach factor: 2.63
/bin/machine           = unknown
/usr/bin/oslevel       = unknown
/bin/universe          = unknown

PATH: /usr/local/openresty/nginx/sbin
PATH: /usr/local/bin
PATH: /usr/bin
PATH: /bin
PATH: /usr/sbin
PATH: /sbin
PATH: /opt/X11/bin
PATH: /usr/local/git/bin


## ----------- ##
## Core tests. ##
## ----------- ##

configure:2343: checking for a BSD-compatible install
configure:2411: result: /usr/bin/install -c
configure:2422: checking whether build environment is sane
configure:2477: result: yes
configure:2628: checking for a thread-safe mkdir -p
configure:2667: result: ./install-sh -c -d
configure:2674: checking for gawk
configure:2704: result: no
configure:2674: checking for mawk
configure:2704: result: no
configure:2674: checking for nawk
configure:2704: result: no
configure:2674: checking for awk
configure:2690: found /usr/bin/awk
configure:2701: result: awk
configure:2712: checking whether make sets $(MAKE)
configure:2734: result: yes
configure:2763: checking whether make supports nested variables
configure:2780: result: yes
configure:2910: checking build system type
configure:2924: result: x86_64-apple-darwin14.5.0
configure:2944: checking host system type
configure:2957: result: x86_64-apple-darwin14.5.0
configure:3087: checking for gcc
configure:3103: found /usr/bin/gcc
configure:3114: result: gcc
configure:3343: checking for C compiler version
configure:3352: gcc --version >&5
Apple LLVM version 6.1.0 (clang-602.0.53) (based on LLVM 3.6.0svn)
Target: x86_64-apple-darwin14.5.0
Thread model: posix
Configured with: --prefix=/Applications/Xcode.app/Contents/Developer/usr --with-gxx-include-dir=/Applications/Xcode.app/Contents/Developer/Platforms/MacOSX.platform/Developer/SDKs/MacOSX10.10.sdk/usr/include/c++/4.2.1
configure:3363: $? = 0
configure:3352: gcc -v >&5
Configured with: --prefix=/Applications/Xcode.app/Contents/Developer/usr --with-gxx-include-dir=/Applications/Xcode.app/Contents/Developer/Platforms/MacOSX.platform/Developer/SDKs/MacOSX10.10.sdk/usr/include/c++/4.2.1
Apple LLVM version 6.1.0 (clang-602.0.53) (based on LLVM 3.6.0svn)
Target: x86_64-apple-darwin14.5.0
Thread model: posix
configure:3363: $? = 0
configure:3352: gcc -V >&5
clang: error: argument to '-V' is missing (expected 1 value)
clang: error: no input files
configure:3363: $? = 1
configure:3352: gcc -qversion >&5
clang: error: unknown argument: '-qversion'
clang: error: no input files
configure:3363: $? = 1
configure:3383: checking whether the C compiler works
configure:3405: gcc    conftest.c  >&5
configure:3409: $? = 0
configure:3457: result: yes
configure:3460: checking for C compiler default output file name
configure:3462: result: a.out
configure:3468: checking for suffix of executables
configure:3475: gcc -o conftest    conftest.c  >&5
configure:3479: $? = 0
configure:3501: result: 
configure:3523: checking whether we are cross compiling
configure:3531: gcc -o conftest    conftest.c  >&5
configure:3535: $? = 0
configure:3542: ./conftest
configure:3546: $? = 0
configure:3561: result: no
configure:3566: checking for suffix of object files
configure:3588: gcc -c   conftest.c >&5
configure:3592: $? = 0
configure:3613: result: o
configure:3617: checking whether we are using the GNU C compiler
configure:3636: gcc -c   conftest.c >&5
configure:3636: $? = 0
configure:3645: result: yes
configure:3654: checking whether gcc accepts -g
configure:3674: gcc -c -g  conftest.c >&5
configure:3674: $? = 0
configure:3715: result: yes
configure:3732: checking for gcc option to accept ISO C89
configure:3795: gcc  -c -g -O2  conftest.c >&5
configure:3795: $? = 0
configure:3808: result: none needed
configure:3833: checking whether gcc understands -c and -o together
configure:3855: gcc -c conftest.c -o conftest2.o
configure:3858: $? = 0
configure:3855: gcc -c conftest.c -o conftest2.o
configure:3858: $? = 0
configure:3870: result: yes
configure:3898: checking for style of include used by make
configure:3926: result: GNU
configure:3952: checking dependency style of gcc
configure:4063: result: gcc3
configure:4082: checking if gcc supports -fvisibility=hidden flag
configure:4098: gcc -c -g -O2 -fvisibility=hidden  conftest.c >&5
configure:4098: $? = 0
configure:4115: result: yes
configure:4127: checking if gcc supports -g flag
configure:4142: gcc -c -g -O2 -fvisibility=hidden -g  conftest.c >&5
configure:4142: $? = 0
configure:4159: result: yes
configure:4171: checking if gcc supports -std=gnu89 flag
configure:4186: gcc -c -g -O2 -fvisibility=hidden -g -std=gnu89  conftest.c >&5
configure:4186: $? = 0
configure:4203: result: yes
configure:4215: checking if gcc supports -pedantic flag
configure:4230: gcc -c -g -O2 -fvisibility=hidden -g -std=gnu89 -pedantic  conftest.c >&5
configure:4230: $? = 0
configure:4247: result: yes
configure:4259: checking if gcc supports -Wall flag
configure:4274: gcc -c -g -O2 -fvisibility=hidden -g -std=gnu89 -pedantic -Wall  conftest.c >&5
configure:4274: $? = 0
configure:4291: result: yes
configure:4303: checking if gcc supports -Wextra flag
configure:4318: gcc -c -g -O2 -fvisibility=hidden -g -std=gnu89 -pedantic -Wall -Wextra  conftest.c >&5
configure:4318: $? = 0
configure:4335: result: yes
configure:4347: checking if gcc supports -Wno-unused-parameter flag
configure:4362: gcc -c -g -O2 -fvisibility=hidden -g -std=gnu89 -pedantic -Wall -Wextra -Wno-unused-parameter  conftest.c >&5
configure:4362: $? = 0
configure:4379: result: yes
configure:4438: checking for ar
configure:4454: found /usr/bin/ar
configure:4465: result: ar
configure:4491: checking the archiver (ar) interface
configure:4507: gcc -c -g -O2 -fvisibility=hidden -g -std=gnu89 -pedantic -Wall -Wextra -Wno-unused-parameter  conftest.c >&5
configure:4507: $? = 0
configure:4509: ar cru libconftest.a conftest.o >&5
configure:4512: $? = 0
configure:4540: result: ar
configure:4607: checking how to print strings
configure:4634: result: printf
configure:4655: checking for a sed that does not truncate output
configure:4719: result: /usr/bin/sed
configure:4737: checking for grep that handles long lines and -e
configure:4795: result: /usr/bin/grep
configure:4800: checking for egrep
configure:4862: result: /usr/bin/grep -E
configure:4867: checking for fgrep
configure:4929: result: /usr/bin/grep -F
configure:4964: checking for ld used by gcc
configure:5031: result: /Applications/Xcode.app/Contents/Developer/Toolchains/XcodeDefault.xctoolchain/usr/bin/ld
configure:5038: checking if the linker (/Applications/Xcode.app/Contents/Developer/Toolchains/XcodeDefault.xctoolchain/usr/bin/ld) is GNU ld
configure:5053: result: no
configure:5065: checking for BSD- or MS-compatible name lister (nm)
configure:5119: result: /usr/bin/nm
configure:5249: checking the name lister (/usr/bin/nm) interface
configure:5256: gcc -c -g -O2 -fvisibility=hidden -g -std=gnu89 -pedantic -Wall -Wextra -Wno-unused-parameter  conftest.c >&5
configure:5259: /usr/bin/nm "conftest.o"
configure:5262: output
00000000000001e8 S _some_variable
configure:5269: result: BSD nm
configure:5272: checking whether ln -s works
configure:5276: result: yes
configure:5284: checking the maximum length of command line arguments
configure:5415: result: 196608
configure:5463: checking how to convert x86_64-apple-darwin14.5.0 file names to x86_64-apple-darwin14.5.0 format
configure:5503: result: func_convert_file_noop
configure:5510: checking how to convert x86_64-apple-darwin14.5.0 file names to toolchain format
configure:5530: result: func_convert_file_noop
configure:5537: checking for /Applications/Xcode.app/Contents/Developer/Toolchains/XcodeDefault.xctoolchain/usr/bin/ld option to reload object files
configure:5544: result: -r
configure:5618: checking for objdump
configure:5648: result: no
configure:5677: checking how to recognize dependent libraries
configure:5877: result: pass_all
configure:5962: checking for dlltool
configure:5992: result: no
configure:6022: checking how to associate runtime and link libraries
configure:6049: result: printf %s\n
configure:6173: checking for archiver @FILE support
configure:6190: gcc -c -g -O2 -fvisibility=hidden -g -std=gnu89 -pedantic -Wall -Wextra -Wno-unused-parameter  conftest.c >&5
configure:6190: $? = 0
configure:6193: ar cru libconftest.a @conftest.lst >&5
ar: @conftest.lst: No such file or directory
configure:6196: $? = 1
configure:6216: result: no
configure:6274: checking for strip
configure:6290: found /usr/bin/strip
configure:6301: result: strip
configure:6373: checking for ranlib
configure:6389: found /usr/bin/ranlib
configure:6400: result: ranlib
configure:6502: checking command to parse /usr/bin/nm output from gcc object
configure:6655: gcc -c -g -O2 -fvisibility=hidden -g -std=gnu89 -pedantic -Wall -Wextra -Wno-unused-parameter  conftest.c >&5
configure:6658: $? = 0
configure:6662: /usr/bin/nm conftest.o \| sed -n -e 's/^.*[ ]\([BCDEGRST][BCDEGRST]*\)[ ][ ]*\([_A-Za-z][_A-Za-z0-9]*\)$/\1 \2 \2/p' | sed '/ __gnu_lto/d' \> conftest.nm
configure:6665: $? = 0
cannot find nm_test_var in conftest.nm
configure:6655: gcc -c -g -O2 -fvisibility=hidden -g -std=gnu89 -pedantic -Wall -Wextra -Wno-unused-parameter  conftest.c >&5
configure:6658: $? = 0
configure:6662: /usr/bin/nm conftest.o \| sed -n -e 's/^.*[ ]\([BCDEGRST][BCDEGRST]*\)[ ][ ]*_\([_A-Za-z][_A-Za-z0-9]*\)$/\1 _\2 \2/p' | sed '/ __gnu_lto/d' \> conftest.nm
configure:6665: $? = 0
configure:6731: gcc -o conftest -g -O2 -fvisibility=hidden -g -std=gnu89 -pedantic -Wall -Wextra -Wno-unused-parameter   conftest.c conftstm.o >&5
configure:6734: $? = 0
configure:6772: result: ok
configure:6819: checking for sysroot
configure:6849: result: no
configure:6856: checking for a working dd
configure:6894: result: /bin/dd
configure:6898: checking how to truncate binary pipes
configure:6913: result: /bin/dd bs=4096 count=1
configure:7242: checking for mt
configure:7272: result: no
configure:7292: checking if : is a manifest tool
configure:7298: : '-?'
configure:7306: result: no
configure:7362: checking for dsymutil
configure:7378: found /usr/bin/dsymutil
configure:7389: result: dsymutil
configure:7454: checking for nmedit
configure:7470: found /usr/bin/nmedit
configure:7481: result: nmedit
configure:7546: checking for lipo
configure:7562: found /usr/bin/lipo
configure:7573: result: lipo
configure:7638: checking for otool
configure:7654: found /usr/bin/otool
configure:7665: result: otool
configure:7730: checking for otool64
configure:7760: result: no
configure:7805: checking for -single_module linker flag
gcc -g -O2 -fvisibility=hidden -g -std=gnu89 -pedantic -Wall -Wextra -Wno-unused-parameter  -o libconftest.dylib -dynamiclib -Wl,-single_module conftest.c
configure:7838: result: yes
configure:7841: checking for -exported_symbols_list linker flag
configure:7861: gcc -o conftest -g -O2 -fvisibility=hidden -g -std=gnu89 -pedantic -Wall -Wextra -Wno-unused-parameter   -Wl,-exported_symbols_list,conftest.sym conftest.c  >&5
ld: warning: cannot export hidden symbol _main from /var/folders/_d/x5qt6rgj15q3jxm0rd4clvmw0000gn/T/conftest-98dd3c.o
configure:7861: $? = 0
configure:7871: result: yes
configure:7874: checking for -force_load linker flag
gcc -g -O2 -fvisibility=hidden -g -std=gnu89 -pedantic -Wall -Wextra -Wno-unused-parameter -c -o conftest.o conftest.c
ar cru libconftest.a conftest.o
ranlib libconftest.a
gcc -g -O2 -fvisibility=hidden -g -std=gnu89 -pedantic -Wall -Wextra -Wno-unused-parameter  -o conftest conftest.c -Wl,-force_load,./libconftest.a
configure:7906: result: yes
configure:7983: checking how to run the C preprocessor
configure:8014: gcc -E  conftest.c
configure:8014: $? = 0
configure:8028: gcc -E  conftest.c
conftest.c:11:10: fatal error: 'ac_nonexistent.h' file not found
#include <ac_nonexistent.h>
         ^
1 error generated.
configure:8028: $? = 1
configure: failed program was:
| /* confdefs.h */
| #define PACKAGE_NAME "libuv"
| #define PACKAGE_TARNAME "libuv"
| #define PACKAGE_VERSION "1.9.1"
| #define PACKAGE_STRING "libuv 1.9.1"
| #define PACKAGE_BUGREPORT "https://github.com/libuv/libuv/issues"
| #define PACKAGE_URL ""
| #define PACKAGE "libuv"
| #define VERSION "1.9.1"
| /* end confdefs.h.  */
| #include <ac_nonexistent.h>
configure:8053: result: gcc -E
configure:8073: gcc -E  conftest.c
configure:8073: $? = 0
configure:8087: gcc -E  conftest.c
conftest.c:11:10: fatal error: 'ac_nonexistent.h' file not found
#include <ac_nonexistent.h>
         ^
1 error generated.
configure:8087: $? = 1
configure: failed program was:
| /* confdefs.h */
| #define PACKAGE_NAME "libuv"
| #define PACKAGE_TARNAME "libuv"
| #define PACKAGE_VERSION "1.9.1"
| #define PACKAGE_STRING "libuv 1.9.1"
| #define PACKAGE_BUGREPORT "https://github.com/libuv/libuv/issues"
| #define PACKAGE_URL ""
| #define PACKAGE "libuv"
| #define VERSION "1.9.1"
| /* end confdefs.h.  */
| #include <ac_nonexistent.h>
configure:8116: checking for ANSI C header files
configure:8136: gcc -c -g -O2 -fvisibility=hidden -g -std=gnu89 -pedantic -Wall -Wextra -Wno-unused-parameter  conftest.c >&5
configure:8136: $? = 0
configure:8209: gcc -o conftest -g -O2 -fvisibility=hidden -g -std=gnu89 -pedantic -Wall -Wextra -Wno-unused-parameter   conftest.c  >&5
configure:8209: $? = 0
configure:8209: ./conftest
configure:8209: $? = 0
configure:8220: result: yes
configure:8233: checking for sys/types.h
configure:8233: gcc -c -g -O2 -fvisibility=hidden -g -std=gnu89 -pedantic -Wall -Wextra -Wno-unused-parameter  conftest.c >&5
configure:8233: $? = 0
configure:8233: result: yes
configure:8233: checking for sys/stat.h
configure:8233: gcc -c -g -O2 -fvisibility=hidden -g -std=gnu89 -pedantic -Wall -Wextra -Wno-unused-parameter  conftest.c >&5
configure:8233: $? = 0
configure:8233: result: yes
configure:8233: checking for stdlib.h
configure:8233: gcc -c -g -O2 -fvisibility=hidden -g -std=gnu89 -pedantic -Wall -Wextra -Wno-unused-parameter  conftest.c >&5
configure:8233: $? = 0
configure:8233: result: yes
configure:8233: checking for string.h
configure:8233: gcc -c -g -O2 -fvisibility=hidden -g -std=gnu89 -pedantic -Wall -Wextra -Wno-unused-parameter  conftest.c >&5
configure:8233: $? = 0
configure:8233: result: yes
configure:8233: checking for memory.h
configure:8233: gcc -c -g -O2 -fvisibility=hidden -g -std=gnu89 -pedantic -Wall -Wextra -Wno-unused-parameter  conftest.c >&5
configure:8233: $? = 0
configure:8233: result: yes
configure:8233: checking for strings.h
configure:8233: gcc -c -g -O2 -fvisibility=hidden -g -std=gnu89 -pedantic -Wall -Wextra -Wno-unused-parameter  conftest.c >&5
configure:8233: $? = 0
configure:8233: result: yes
configure:8233: checking for inttypes.h
configure:8233: gcc -c -g -O2 -fvisibility=hidden -g -std=gnu89 -pedantic -Wall -Wextra -Wno-unused-parameter  conftest.c >&5
configure:8233: $? = 0
configure:8233: result: yes
configure:8233: checking for stdint.h
configure:8233: gcc -c -g -O2 -fvisibility=hidden -g -std=gnu89 -pedantic -Wall -Wextra -Wno-unused-parameter  conftest.c >&5
configure:8233: $? = 0
configure:8233: result: yes
configure:8233: checking for unistd.h
configure:8233: gcc -c -g -O2 -fvisibility=hidden -g -std=gnu89 -pedantic -Wall -Wextra -Wno-unused-parameter  conftest.c >&5
configure:8233: $? = 0
configure:8233: result: yes
configure:8247: checking for dlfcn.h
configure:8247: gcc -c -g -O2 -fvisibility=hidden -g -std=gnu89 -pedantic -Wall -Wextra -Wno-unused-parameter  conftest.c >&5
configure:8247: $? = 0
configure:8247: result: yes
configure:8443: checking for objdir
configure:8458: result: .libs
configure:8722: checking if gcc supports -fno-rtti -fno-exceptions
configure:8740: gcc -c -g -O2 -fvisibility=hidden -g -std=gnu89 -pedantic -Wall -Wextra -Wno-unused-parameter  -fno-rtti -fno-exceptions conftest.c >&5
configure:8744: $? = 0
configure:8757: result: yes
configure:9115: checking for gcc option to produce PIC
configure:9122: result: -fno-common -DPIC
configure:9130: checking if gcc PIC flag -fno-common -DPIC works
configure:9148: gcc -c -g -O2 -fvisibility=hidden -g -std=gnu89 -pedantic -Wall -Wextra -Wno-unused-parameter  -fno-common -DPIC -DPIC conftest.c >&5
configure:9152: $? = 0
configure:9165: result: yes
configure:9194: checking if gcc static flag -static works
configure:9222: result: no
configure:9237: checking if gcc supports -c -o file.o
configure:9258: gcc -c -g -O2 -fvisibility=hidden -g -std=gnu89 -pedantic -Wall -Wextra -Wno-unused-parameter  -o out/conftest2.o conftest.c >&5
configure:9262: $? = 0
configure:9284: result: yes
configure:9292: checking if gcc supports -c -o file.o
configure:9339: result: yes
configure:9372: checking whether the gcc linker (/Applications/Xcode.app/Contents/Developer/Toolchains/XcodeDefault.xctoolchain/usr/bin/ld) supports shared libraries
configure:10631: result: yes
configure:10871: checking dynamic linker characteristics
configure:11689: result: darwin14.5.0 dyld
configure:11811: checking how to hardcode library paths into programs
configure:11836: result: immediate
configure:12384: checking whether stripping libraries is possible
configure:12398: result: yes
configure:12424: checking if libtool supports shared libraries
configure:12426: result: yes
configure:12429: checking whether to build shared libraries
configure:12454: result: yes
configure:12457: checking whether to build static libraries
configure:12461: result: yes
configure:12509: checking whether make supports nested variables
configure:12526: result: yes
configure:12539: checking for dlopen in -ldl
configure:12564: gcc -o conftest -g -O2 -fvisibility=hidden -g -std=gnu89 -pedantic -Wall -Wextra -Wno-unused-parameter   conftest.c -ldl   >&5
configure:12564: $? = 0
configure:12573: result: yes
configure:12584: checking for kstat_lookup in -lkstat
configure:12609: gcc -o conftest -g -O2 -fvisibility=hidden -g -std=gnu89 -pedantic -Wall -Wextra -Wno-unused-parameter   conftest.c -lkstat  -ldl  >&5
ld: library not found for -lkstat
clang: error: linker command failed with exit code 1 (use -v to see invocation)
configure:12609: $? = 1
configure: failed program was:
| /* confdefs.h */
| #define PACKAGE_NAME "libuv"
| #define PACKAGE_TARNAME "libuv"
| #define PACKAGE_VERSION "1.9.1"
| #define PACKAGE_STRING "libuv 1.9.1"
| #define PACKAGE_BUGREPORT "https://github.com/libuv/libuv/issues"
| #define PACKAGE_URL ""
| #define PACKAGE "libuv"
| #define VERSION "1.9.1"
| #define STDC_HEADERS 1
| #define HAVE_SYS_TYPES_H 1
| #define HAVE_SYS_STAT_H 1
| #define HAVE_STDLIB_H 1
| #define HAVE_STRING_H 1
| #define HAVE_MEMORY_H 1
| #define HAVE_STRINGS_H 1
| #define HAVE_INTTYPES_H 1
| #define HAVE_STDINT_H 1
| #define HAVE_UNISTD_H 1
| #define HAVE_DLFCN_H 1
| #define LT_OBJDIR ".libs/"
| #define HAVE_LIBDL 1
| /* end confdefs.h.  */
| 
| /* Override any GCC internal prototype to avoid an error.
|    Use char because int might match the return type of a GCC
|    builtin and then its argument prototype would still apply.  */
| #ifdef __cplusplus
| extern "C"
| #endif
| char kstat_lookup ();
| int
| main ()
| {
| return kstat_lookup ();
|   ;
|   return 0;
| }
configure:12618: result: no
configure:12629: checking for kvm_open in -lkvm
configure:12654: gcc -o conftest -g -O2 -fvisibility=hidden -g -std=gnu89 -pedantic -Wall -Wextra -Wno-unused-parameter   conftest.c -lkvm  -ldl  >&5
ld: library not found for -lkvm
clang: error: linker command failed with exit code 1 (use -v to see invocation)
configure:12654: $? = 1
configure: failed program was:
| /* confdefs.h */
| #define PACKAGE_NAME "libuv"
| #define PACKAGE_TARNAME "libuv"
| #define PACKAGE_VERSION "1.9.1"
| #define PACKAGE_STRING "libuv 1.9.1"
| #define PACKAGE_BUGREPORT "https://github.com/libuv/libuv/issues"
| #define PACKAGE_URL ""
| #define PACKAGE "libuv"
| #define VERSION "1.9.1"
| #define STDC_HEADERS 1
| #define HAVE_SYS_TYPES_H 1
| #define HAVE_SYS_STAT_H 1
| #define HAVE_STDLIB_H 1
| #define HAVE_STRING_H 1
| #define HAVE_MEMORY_H 1
| #define HAVE_STRINGS_H 1
| #define HAVE_INTTYPES_H 1
| #define HAVE_STDINT_H 1
| #define HAVE_UNISTD_H 1
| #define HAVE_DLFCN_H 1
| #define LT_OBJDIR ".libs/"
| #define HAVE_LIBDL 1
| /* end confdefs.h.  */
| 
| /* Override any GCC internal prototype to avoid an error.
|    Use char because int might match the return type of a GCC
|    builtin and then its argument prototype would still apply.  */
| #ifdef __cplusplus
| extern "C"
| #endif
| char kvm_open ();
| int
| main ()
| {
| return kvm_open ();
|   ;
|   return 0;
| }
configure:12663: result: no
configure:12674: checking for gethostbyname in -lnsl
configure:12699: gcc -o conftest -g -O2 -fvisibility=hidden -g -std=gnu89 -pedantic -Wall -Wextra -Wno-unused-parameter   conftest.c -lnsl  -ldl  >&5
ld: library not found for -lnsl
clang: error: linker command failed with exit code 1 (use -v to see invocation)
configure:12699: $? = 1
configure: failed program was:
| /* confdefs.h */
| #define PACKAGE_NAME "libuv"
| #define PACKAGE_TARNAME "libuv"
| #define PACKAGE_VERSION "1.9.1"
| #define PACKAGE_STRING "libuv 1.9.1"
| #define PACKAGE_BUGREPORT "https://github.com/libuv/libuv/issues"
| #define PACKAGE_URL ""
| #define PACKAGE "libuv"
| #define VERSION "1.9.1"
| #define STDC_HEADERS 1
| #define HAVE_SYS_TYPES_H 1
| #define HAVE_SYS_STAT_H 1
| #define HAVE_STDLIB_H 1
| #define HAVE_STRING_H 1
| #define HAVE_MEMORY_H 1
| #define HAVE_STRINGS_H 1
| #define HAVE_INTTYPES_H 1
| #define HAVE_STDINT_H 1
| #define HAVE_UNISTD_H 1
| #define HAVE_DLFCN_H 1
| #define LT_OBJDIR ".libs/"
| #define HAVE_LIBDL 1
| /* end confdefs.h.  */
| 
| /* Override any GCC internal prototype to avoid an error.
|    Use char because int might match the return type of a GCC
|    builtin and then its argument prototype would still apply.  */
| #ifdef __cplusplus
| extern "C"
| #endif
| char gethostbyname ();
| int
| main ()
| {
| return gethostbyname ();
|   ;
|   return 0;
| }
configure:12708: result: no
configure:12719: checking for perfstat_cpu in -lperfstat
configure:12744: gcc -o conftest -g -O2 -fvisibility=hidden -g -std=gnu89 -pedantic -Wall -Wextra -Wno-unused-parameter   conftest.c -lperfstat  -ldl  >&5
ld: library not found for -lperfstat
clang: error: linker command failed with exit code 1 (use -v to see invocation)
configure:12744: $? = 1
configure: failed program was:
| /* confdefs.h */
| #define PACKAGE_NAME "libuv"
| #define PACKAGE_TARNAME "libuv"
| #define PACKAGE_VERSION "1.9.1"
| #define PACKAGE_STRING "libuv 1.9.1"
| #define PACKAGE_BUGREPORT "https://github.com/libuv/libuv/issues"
| #define PACKAGE_URL ""
| #define PACKAGE "libuv"
| #define VERSION "1.9.1"
| #define STDC_HEADERS 1
| #define HAVE_SYS_TYPES_H 1
| #define HAVE_SYS_STAT_H 1
| #define HAVE_STDLIB_H 1
| #define HAVE_STRING_H 1
| #define HAVE_MEMORY_H 1
| #define HAVE_STRINGS_H 1
| #define HAVE_INTTYPES_H 1
| #define HAVE_STDINT_H 1
| #define HAVE_UNISTD_H 1
| #define HAVE_DLFCN_H 1
| #define LT_OBJDIR ".libs/"
| #define HAVE_LIBDL 1
| /* end confdefs.h.  */
| 
| /* Override any GCC internal prototype to avoid an error.
|    Use char because int might match the return type of a GCC
|    builtin and then its argument prototype would still apply.  */
| #ifdef __cplusplus
| extern "C"
| #endif
| char perfstat_cpu ();
| int
| main ()
| {
| return perfstat_cpu ();
|   ;
|   return 0;
| }
configure:12753: result: no
configure:12764: checking for pthread_mutex_init in -lpthread
configure:12789: gcc -o conftest -g -O2 -fvisibility=hidden -g -std=gnu89 -pedantic -Wall -Wextra -Wno-unused-parameter   conftest.c -lpthread  -ldl  >&5
configure:12789: $? = 0
configure:12798: result: yes
configure:12809: checking for clock_gettime in -lrt
configure:12834: gcc -o conftest -g -O2 -fvisibility=hidden -g -std=gnu89 -pedantic -Wall -Wextra -Wno-unused-parameter   conftest.c -lrt  -lpthread -ldl  >&5
ld: library not found for -lrt
clang: error: linker command failed with exit code 1 (use -v to see invocation)
configure:12834: $? = 1
configure: failed program was:
| /* confdefs.h */
| #define PACKAGE_NAME "libuv"
| #define PACKAGE_TARNAME "libuv"
| #define PACKAGE_VERSION "1.9.1"
| #define PACKAGE_STRING "libuv 1.9.1"
| #define PACKAGE_BUGREPORT "https://github.com/libuv/libuv/issues"
| #define PACKAGE_URL ""
| #define PACKAGE "libuv"
| #define VERSION "1.9.1"
| #define STDC_HEADERS 1
| #define HAVE_SYS_TYPES_H 1
| #define HAVE_SYS_STAT_H 1
| #define HAVE_STDLIB_H 1
| #define HAVE_STRING_H 1
| #define HAVE_MEMORY_H 1
| #define HAVE_STRINGS_H 1
| #define HAVE_INTTYPES_H 1
| #define HAVE_STDINT_H 1
| #define HAVE_UNISTD_H 1
| #define HAVE_DLFCN_H 1
| #define LT_OBJDIR ".libs/"
| #define HAVE_LIBDL 1
| #define HAVE_LIBPTHREAD 1
| /* end confdefs.h.  */
| 
| /* Override any GCC internal prototype to avoid an error.
|    Use char because int might match the return type of a GCC
|    builtin and then its argument prototype would still apply.  */
| #ifdef __cplusplus
| extern "C"
| #endif
| char clock_gettime ();
| int
| main ()
| {
| return clock_gettime ();
|   ;
|   return 0;
| }
configure:12843: result: no
configure:12854: checking for sendfile in -lsendfile
configure:12879: gcc -o conftest -g -O2 -fvisibility=hidden -g -std=gnu89 -pedantic -Wall -Wextra -Wno-unused-parameter   conftest.c -lsendfile  -lpthread -ldl  >&5
ld: library not found for -lsendfile
clang: error: linker command failed with exit code 1 (use -v to see invocation)
configure:12879: $? = 1
configure: failed program was:
| /* confdefs.h */
| #define PACKAGE_NAME "libuv"
| #define PACKAGE_TARNAME "libuv"
| #define PACKAGE_VERSION "1.9.1"
| #define PACKAGE_STRING "libuv 1.9.1"
| #define PACKAGE_BUGREPORT "https://github.com/libuv/libuv/issues"
| #define PACKAGE_URL ""
| #define PACKAGE "libuv"
| #define VERSION "1.9.1"
| #define STDC_HEADERS 1
| #define HAVE_SYS_TYPES_H 1
| #define HAVE_SYS_STAT_H 1
| #define HAVE_STDLIB_H 1
| #define HAVE_STRING_H 1
| #define HAVE_MEMORY_H 1
| #define HAVE_STRINGS_H 1
| #define HAVE_INTTYPES_H 1
| #define HAVE_STDINT_H 1
| #define HAVE_UNISTD_H 1
| #define HAVE_DLFCN_H 1
| #define LT_OBJDIR ".libs/"
| #define HAVE_LIBDL 1
| #define HAVE_LIBPTHREAD 1
| /* end confdefs.h.  */
| 
| /* Override any GCC internal prototype to avoid an error.
|    Use char because int might match the return type of a GCC
|    builtin and then its argument prototype would still apply.  */
| #ifdef __cplusplus
| extern "C"
| #endif
| char sendfile ();
| int
| main ()
| {
| return sendfile ();
|   ;
|   return 0;
| }
configure:12888: result: no
configure:12899: checking for socket in -lsocket
configure:12924: gcc -o conftest -g -O2 -fvisibility=hidden -g -std=gnu89 -pedantic -Wall -Wextra -Wno-unused-parameter   conftest.c -lsocket  -lpthread -ldl  >&5
ld: library not found for -lsocket
clang: error: linker command failed with exit code 1 (use -v to see invocation)
configure:12924: $? = 1
configure: failed program was:
| /* confdefs.h */
| #define PACKAGE_NAME "libuv"
| #define PACKAGE_TARNAME "libuv"
| #define PACKAGE_VERSION "1.9.1"
| #define PACKAGE_STRING "libuv 1.9.1"
| #define PACKAGE_BUGREPORT "https://github.com/libuv/libuv/issues"
| #define PACKAGE_URL ""
| #define PACKAGE "libuv"
| #define VERSION "1.9.1"
| #define STDC_HEADERS 1
| #define HAVE_SYS_TYPES_H 1
| #define HAVE_SYS_STAT_H 1
| #define HAVE_STDLIB_H 1
| #define HAVE_STRING_H 1
| #define HAVE_MEMORY_H 1
| #define HAVE_STRINGS_H 1
| #define HAVE_INTTYPES_H 1
| #define HAVE_STDINT_H 1
| #define HAVE_UNISTD_H 1
| #define HAVE_DLFCN_H 1
| #define LT_OBJDIR ".libs/"
| #define HAVE_LIBDL 1
| #define HAVE_LIBPTHREAD 1
| /* end confdefs.h.  */
| 
| /* Override any GCC internal prototype to avoid an error.
|    Use char because int might match the return type of a GCC
|    builtin and then its argument prototype would still apply.  */
| #ifdef __cplusplus
| extern "C"
| #endif
| char socket ();
| int
| main ()
| {
| return socket ();
|   ;
|   return 0;
| }
configure:12933: result: no
configure:12951: checking for special C compiler options needed for large files
configure:12996: result: no
configure:13002: checking for _FILE_OFFSET_BITS value needed for large files
configure:13027: gcc -c -g -O2 -fvisibility=hidden -g -std=gnu89 -pedantic -Wall -Wextra -Wno-unused-parameter  conftest.c >&5
configure:13027: $? = 0
configure:13059: result: no
configure:13261: checking sys/ahafs_evProds.h usability
configure:13261: gcc -c -g -O2 -fvisibility=hidden -g -std=gnu89 -pedantic -Wall -Wextra -Wno-unused-parameter  conftest.c >&5
conftest.c:58:10: fatal error: 'sys/ahafs_evProds.h' file not found
#include <sys/ahafs_evProds.h>
         ^
1 error generated.
configure:13261: $? = 1
configure: failed program was:
| /* confdefs.h */
| #define PACKAGE_NAME "libuv"
| #define PACKAGE_TARNAME "libuv"
| #define PACKAGE_VERSION "1.9.1"
| #define PACKAGE_STRING "libuv 1.9.1"
| #define PACKAGE_BUGREPORT "https://github.com/libuv/libuv/issues"
| #define PACKAGE_URL ""
| #define PACKAGE "libuv"
| #define VERSION "1.9.1"
| #define STDC_HEADERS 1
| #define HAVE_SYS_TYPES_H 1
| #define HAVE_SYS_STAT_H 1
| #define HAVE_STDLIB_H 1
| #define HAVE_STRING_H 1
| #define HAVE_MEMORY_H 1
| #define HAVE_STRINGS_H 1
| #define HAVE_INTTYPES_H 1
| #define HAVE_STDINT_H 1
| #define HAVE_UNISTD_H 1
| #define HAVE_DLFCN_H 1
| #define LT_OBJDIR ".libs/"
| #define HAVE_LIBDL 1
| #define HAVE_LIBPTHREAD 1
| /* end confdefs.h.  */
| #include <stdio.h>
| #ifdef HAVE_SYS_TYPES_H
| # include <sys/types.h>
| #endif
| #ifdef HAVE_SYS_STAT_H
| # include <sys/stat.h>
| #endif
| #ifdef STDC_HEADERS
| # include <stdlib.h>
| # include <stddef.h>
| #else
| # ifdef HAVE_STDLIB_H
| #  include <stdlib.h>
| # endif
| #endif
| #ifdef HAVE_STRING_H
| # if !defined STDC_HEADERS && defined HAVE_MEMORY_H
| #  include <memory.h>
| # endif
| # include <string.h>
| #endif
| #ifdef HAVE_STRINGS_H
| # include <strings.h>
| #endif
| #ifdef HAVE_INTTYPES_H
| # include <inttypes.h>
| #endif
| #ifdef HAVE_STDINT_H
| # include <stdint.h>
| #endif
| #ifdef HAVE_UNISTD_H
| # include <unistd.h>
| #endif
| #include <sys/ahafs_evProds.h>
configure:13261: result: no
configure:13261: checking sys/ahafs_evProds.h presence
configure:13261: gcc -E  conftest.c
conftest.c:25:10: fatal error: 'sys/ahafs_evProds.h' file not found
#include <sys/ahafs_evProds.h>
         ^
1 error generated.
configure:13261: $? = 1
configure: failed program was:
| /* confdefs.h */
| #define PACKAGE_NAME "libuv"
| #define PACKAGE_TARNAME "libuv"
| #define PACKAGE_VERSION "1.9.1"
| #define PACKAGE_STRING "libuv 1.9.1"
| #define PACKAGE_BUGREPORT "https://github.com/libuv/libuv/issues"
| #define PACKAGE_URL ""
| #define PACKAGE "libuv"
| #define VERSION "1.9.1"
| #define STDC_HEADERS 1
| #define HAVE_SYS_TYPES_H 1
| #define HAVE_SYS_STAT_H 1
| #define HAVE_STDLIB_H 1
| #define HAVE_STRING_H 1
| #define HAVE_MEMORY_H 1
| #define HAVE_STRINGS_H 1
| #define HAVE_INTTYPES_H 1
| #define HAVE_STDINT_H 1
| #define HAVE_UNISTD_H 1
| #define HAVE_DLFCN_H 1
| #define LT_OBJDIR ".libs/"
| #define HAVE_LIBDL 1
| #define HAVE_LIBPTHREAD 1
| /* end confdefs.h.  */
| #include <sys/ahafs_evProds.h>
configure:13261: result: no
configure:13261: checking for sys/ahafs_evProds.h
configure:13261: result: no
configure:13273: checking for pkg-config
configure:13289: found /usr/local/bin/pkg-config
configure:13300: result: yes
configure:13469: checking that generated files are newer than configure
configure:13475: result: done
configure:13542: creating ./config.status

## ---------------------- ##
## Running config.status. ##
## ---------------------- ##

This file was extended by libuv config.status 1.9.1, which was
generated by GNU Autoconf 2.69.  Invocation command line was

  CONFIG_FILES    = 
  CONFIG_HEADERS  = 
  CONFIG_LINKS    = 
  CONFIG_COMMANDS = 
  $ ./config.status 

on sunwangqiangdeMacBook-Pro.local

config.status:1024: creating libuv.pc
config.status:1024: creating Makefile
config.status:1196: executing depfiles commands
config.status:1196: executing libtool commands

## ---------------- ##
## Cache variables. ##
## ---------------- ##

ac_cv_build=x86_64-apple-darwin14.5.0
ac_cv_c_compiler_gnu=yes
ac_cv_env_CC_set=
ac_cv_env_CC_value=
ac_cv_env_CFLAGS_set=
ac_cv_env_CFLAGS_value=
ac_cv_env_CPPFLAGS_set=
ac_cv_env_CPPFLAGS_value=
ac_cv_env_CPP_set=
ac_cv_env_CPP_value=
ac_cv_env_LDFLAGS_set=
ac_cv_env_LDFLAGS_value=
ac_cv_env_LIBS_set=
ac_cv_env_LIBS_value=
ac_cv_env_LT_SYS_LIBRARY_PATH_set=
ac_cv_env_LT_SYS_LIBRARY_PATH_value=
ac_cv_env_build_alias_set=
ac_cv_env_build_alias_value=
ac_cv_env_host_alias_set=
ac_cv_env_host_alias_value=
ac_cv_env_target_alias_set=
ac_cv_env_target_alias_value=
ac_cv_header_dlfcn_h=yes
ac_cv_header_inttypes_h=yes
ac_cv_header_memory_h=yes
ac_cv_header_stdc=yes
ac_cv_header_stdint_h=yes
ac_cv_header_stdlib_h=yes
ac_cv_header_string_h=yes
ac_cv_header_strings_h=yes
ac_cv_header_sys_ahafs_evProds_h=no
ac_cv_header_sys_stat_h=yes
ac_cv_header_sys_types_h=yes
ac_cv_header_unistd_h=yes
ac_cv_host=x86_64-apple-darwin14.5.0
ac_cv_lib_dl_dlopen=yes
ac_cv_lib_kstat_kstat_lookup=no
ac_cv_lib_kvm_kvm_open=no
ac_cv_lib_nsl_gethostbyname=no
ac_cv_lib_perfstat_perfstat_cpu=no
ac_cv_lib_pthread_pthread_mutex_init=yes
ac_cv_lib_rt_clock_gettime=no
ac_cv_lib_sendfile_sendfile=no
ac_cv_lib_socket_socket=no
ac_cv_objext=o
ac_cv_path_EGREP='/usr/bin/grep -E'
ac_cv_path_FGREP='/usr/bin/grep -F'
ac_cv_path_GREP=/usr/bin/grep
ac_cv_path_SED=/usr/bin/sed
ac_cv_path_install='/usr/bin/install -c'
ac_cv_path_lt_DD=/bin/dd
ac_cv_prog_AWK=awk
ac_cv_prog_CPP='gcc -E'
ac_cv_prog_PKG_CONFIG=yes
ac_cv_prog_ac_ct_AR=ar
ac_cv_prog_ac_ct_CC=gcc
ac_cv_prog_ac_ct_DSYMUTIL=dsymutil
ac_cv_prog_ac_ct_LIPO=lipo
ac_cv_prog_ac_ct_NMEDIT=nmedit
ac_cv_prog_ac_ct_OTOOL=otool
ac_cv_prog_ac_ct_RANLIB=ranlib
ac_cv_prog_ac_ct_STRIP=strip
ac_cv_prog_cc_c89=
ac_cv_prog_cc_g=yes
ac_cv_prog_make_make_set=yes
ac_cv_sys_file_offset_bits=no
ac_cv_sys_largefile_CC=no
am_cv_CC_dependencies_compiler_type=gcc3
am_cv_ar_interface=ar
am_cv_make_support_nested_variables=yes
am_cv_prog_cc_c_o=yes
cc_cv_cflags__Wall=yes
cc_cv_cflags__Wextra=yes
cc_cv_cflags__Wno_unused_parameter=yes
cc_cv_cflags__fvisibility_hidden=yes
cc_cv_cflags__g=yes
cc_cv_cflags__pedantic=yes
cc_cv_cflags__std_gnu89=yes
lt_cv_apple_cc_single_mod=yes
lt_cv_ar_at_file=no
lt_cv_deplibs_check_method=pass_all
lt_cv_file_magic_cmd='$MAGIC_CMD'
lt_cv_file_magic_test_file=
lt_cv_ld_exported_symbols_list=yes
lt_cv_ld_force_load=yes
lt_cv_ld_reload_flag=-r
lt_cv_nm_interface='BSD nm'
lt_cv_objdir=.libs
lt_cv_path_LD=/Applications/Xcode.app/Contents/Developer/Toolchains/XcodeDefault.xctoolchain/usr/bin/ld
lt_cv_path_NM=/usr/bin/nm
lt_cv_path_mainfest_tool=no
lt_cv_prog_compiler_c_o=yes
lt_cv_prog_compiler_pic='-fno-common -DPIC'
lt_cv_prog_compiler_pic_works=yes
lt_cv_prog_compiler_rtti_exceptions=yes
lt_cv_prog_compiler_static_works=no
lt_cv_prog_gnu_ld=no
lt_cv_sharedlib_from_linklib_cmd='printf %s\n'
lt_cv_sys_global_symbol_pipe='sed -n -e '\''s/^.*[	 ]\([BCDEGRST][BCDEGRST]*\)[	 ][	 ]*_\([_A-Za-z][_A-Za-z0-9]*\)$/\1 _\2 \2/p'\'' | sed '\''/ __gnu_lto/d'\'''
lt_cv_sys_global_symbol_to_c_name_address='sed -n -e '\''s/^: \(.*\) .*$/  {"\1", (void *) 0},/p'\'' -e '\''s/^[BCDEGRST][BCDEGRST]* .* \(.*\)$/  {"\1", (void *) \&\1},/p'\'''
lt_cv_sys_global_symbol_to_c_name_address_lib_prefix='sed -n -e '\''s/^: \(.*\) .*$/  {"\1", (void *) 0},/p'\'' -e '\''s/^[BCDEGRST][BCDEGRST]* .* \(lib.*\)$/  {"\1", (void *) \&\1},/p'\'' -e '\''s/^[BCDEGRST][BCDEGRST]* .* \(.*\)$/  {"lib\1", (void *) \&\1},/p'\'''
lt_cv_sys_global_symbol_to_cdecl='sed -n -e '\''s/^T .* \(.*\)$/extern int \1();/p'\'' -e '\''s/^[BCDEGRST][BCDEGRST]* .* \(.*\)$/extern char \1;/p'\'''
lt_cv_sys_global_symbol_to_import=
lt_cv_sys_max_cmd_len=196608
lt_cv_to_host_file_cmd=func_convert_file_noop
lt_cv_to_tool_file_cmd=func_convert_file_noop
lt_cv_truncate_bin='/bin/dd bs=4096 count=1'

## ----------------- ##
## Output variables. ##
## ----------------- ##

ACLOCAL='${SHELL} /Users/sunwangqiang/uviot/lib/libuv/missing aclocal-1.15'
AIX_FALSE=''
AIX_TRUE='#'
AMDEPBACKSLASH='\'
AMDEP_FALSE='#'
AMDEP_TRUE=''
AMTAR='$${TAR-tar}'
AM_BACKSLASH='\'
AM_DEFAULT_V='$(AM_DEFAULT_VERBOSITY)'
AM_DEFAULT_VERBOSITY='0'
AM_V='$(V)'
ANDROID_FALSE=''
ANDROID_TRUE='#'
AR='ar'
AUTOCONF='${SHELL} /Users/sunwangqiang/uviot/lib/libuv/missing autoconf'
AUTOHEADER='${SHELL} /Users/sunwangqiang/uviot/lib/libuv/missing autoheader'
AUTOMAKE='${SHELL} /Users/sunwangqiang/uviot/lib/libuv/missing automake-1.15'
AWK='awk'
CC='gcc'
CCDEPMODE='depmode=gcc3'
CFLAGS='-g -O2 -fvisibility=hidden -g -std=gnu89 -pedantic -Wall -Wextra -Wno-unused-parameter'
CPP='gcc -E'
CPPFLAGS=''
CYGPATH_W='echo'
DARWIN_FALSE='#'
DARWIN_TRUE=''
DEFS='-DPACKAGE_NAME=\"libuv\" -DPACKAGE_TARNAME=\"libuv\" -DPACKAGE_VERSION=\"1.9.1\" -DPACKAGE_STRING=\"libuv\ 1.9.1\" -DPACKAGE_BUGREPORT=\"https://github.com/libuv/libuv/issues\" -DPACKAGE_URL=\"\" -DPACKAGE=\"libuv\" -DVERSION=\"1.9.1\" -DSTDC_HEADERS=1 -DHAVE_SYS_TYPES_H=1 -DHAVE_SYS_STAT_H=1 -DHAVE_STDLIB_H=1 -DHAVE_STRING_H=1 -DHAVE_MEMORY_H=1 -DHAVE_STRINGS_H=1 -DHAVE_INTTYPES_H=1 -DHAVE_STDINT_H=1 -DHAVE_UNISTD_H=1 -DHAVE_DLFCN_H=1 -DLT_OBJDIR=\".libs/\" -DHAVE_LIBDL=1 -DHAVE_LIBPTHREAD=1'
DEPDIR='.deps'
DLLTOOL='false'
DRAGONFLY_FALSE=''
DRAGONFLY_TRUE='#'
DSYMUTIL='dsymutil'
DUMPBIN=''
ECHO_C='\c'
ECHO_N=''
ECHO_T=''
EGREP='/usr/bin/grep -E'
EXEEXT=''
FGREP='/usr/bin/grep -F'
FREEBSD_FALSE=''
FREEBSD_TRUE='#'
GREP='/usr/bin/grep'
HAVE_PKG_CONFIG_FALSE='#'
HAVE_PKG_CONFIG_TRUE=''
INSTALL_DATA='${INSTALL} -m 644'
INSTALL_PROGRAM='${INSTALL}'
INSTALL_SCRIPT='${INSTALL}'
INSTALL_STRIP_PROGRAM='$(install_sh) -c -s'
LD='/Applications/Xcode.app/Contents/Developer/Toolchains/XcodeDefault.xctoolchain/usr/bin/ld'
LDFLAGS=''
LIBOBJS=''
LIBS='-lpthread -ldl '
LIBTOOL='$(SHELL) $(top_builddir)/libtool'
LINUX_FALSE=''
LINUX_TRUE='#'
LIPO='lipo'
LN_S='ln -s'
LTLIBOBJS=''
LT_SYS_LIBRARY_PATH=''
MAKEINFO='${SHELL} /Users/sunwangqiang/uviot/lib/libuv/missing makeinfo'
MANIFEST_TOOL=':'
MKDIR_P='./install-sh -c -d'
NETBSD_FALSE=''
NETBSD_TRUE='#'
NM='/usr/bin/nm'
NMEDIT='nmedit'
OBJDUMP='false'
OBJEXT='o'
OPENBSD_FALSE=''
OPENBSD_TRUE='#'
OTOOL64=':'
OTOOL='otool'
PACKAGE='libuv'
PACKAGE_BUGREPORT='https://github.com/libuv/libuv/issues'
PACKAGE_NAME='libuv'
PACKAGE_STRING='libuv 1.9.1'
PACKAGE_TARNAME='libuv'
PACKAGE_URL=''
PACKAGE_VERSION='1.9.1'
PATH_SEPARATOR=':'
PKG_CONFIG='yes'
RANLIB='ranlib'
SED='/usr/bin/sed'
SET_MAKE=''
SHELL='/bin/sh'
STRIP='strip'
SUNOS_FALSE=''
SUNOS_TRUE='#'
VERSION='1.9.1'
WINNT_FALSE=''
WINNT_TRUE='#'
ac_ct_AR='ar'
ac_ct_CC='gcc'
ac_ct_DUMPBIN=''
am__EXEEXT_FALSE=''
am__EXEEXT_TRUE='#'
am__fastdepCC_FALSE='#'
am__fastdepCC_TRUE=''
am__include='include'
am__isrc=''
am__leading_dot='.'
am__nodep='_no'
am__quote=''
am__tar='$${TAR-tar} chof - "$$tardir"'
am__untar='$${TAR-tar} xf -'
bindir='${exec_prefix}/bin'
build='x86_64-apple-darwin14.5.0'
build_alias=''
build_cpu='x86_64'
build_os='darwin14.5.0'
build_vendor='apple'
datadir='${datarootdir}'
datarootdir='${prefix}/share'
docdir='${datarootdir}/doc/${PACKAGE_TARNAME}'
dvidir='${docdir}'
exec_prefix='${prefix}'
host='x86_64-apple-darwin14.5.0'
host_alias=''
host_cpu='x86_64'
host_os='darwin14.5.0'
host_vendor='apple'
htmldir='${docdir}'
includedir='${prefix}/include'
infodir='${datarootdir}/info'
install_sh='${SHELL} /Users/sunwangqiang/uviot/lib/libuv/install-sh'
libdir='${exec_prefix}/lib'
libexecdir='${exec_prefix}/libexec'
localedir='${datarootdir}/locale'
localstatedir='${prefix}/var'
mandir='${datarootdir}/man'
mkdir_p='$(MKDIR_P)'
oldincludedir='/usr/include'
pdfdir='${docdir}'
prefix='/usr/local'
program_transform_name='s,x,x,'
psdir='${docdir}'
sbindir='${exec_prefix}/sbin'
sharedstatedir='${prefix}/com'
sysconfdir='${prefix}/etc'
target_alias=''

## ----------- ##
## confdefs.h. ##
## ----------- ##

/* confdefs.h */
#define PACKAGE_NAME "libuv"
#define PACKAGE_TARNAME "libuv"
#define PACKAGE_VERSION "1.9.1"
#define PACKAGE_STRING "libuv 1.9.1"
#define PACKAGE_BUGREPORT "https://github.com/libuv/libuv/issues"
#define PACKAGE_URL ""
#define PACKAGE "libuv"
#define VERSION "1.9.1"
#define STDC_HEADERS 1
#define HAVE_SYS_TYPES_H 1
#define HAVE_SYS_STAT_H 1
#define HAVE_STDLIB_H 1
#define HAVE_STRING_H 1
#define HAVE_MEMORY_H 1
#define HAVE_STRINGS_H 1
#define HAVE_INTTYPES_H 1
#define HAVE_STDINT_H 1
#define HAVE_UNISTD_H 1
#define HAVE_DLFCN_H 1
#define LT_OBJDIR ".libs/"
#define HAVE_LIBDL 1
#define HAVE_LIBPTHREAD 1

configure: exit 0
